[20-Jun-2017 09:23:49 America/Sao_Paulo] PHP Fatal error:  Uncaught Error: Call to undefined method Pagination\Pagination::getIndexesOfPages() in C:\xampp\htdocs\php-pagination\src\StrategySimple.php:16
Stack trace:
#0 C:\xampp\htdocs\php-pagination\src\Pagination.php(162): Pagination\StrategySimple->getIndexes(Object(Pagination\Pagination))
#1 C:\xampp\htdocs\php-pagination\index.php(17): Pagination\Pagination->getIndexes(Object(Pagination\StrategySimple))
#2 {main}
  thrown in C:\xampp\htdocs\php-pagination\src\StrategySimple.php on line 16
[20-Jun-2017 09:24:17 America/Sao_Paulo] PHP Notice:  Undefined variable: arrayOfData in C:\xampp\htdocs\php-pagination\index.php on line 52
[20-Jun-2017 09:24:17 America/Sao_Paulo] PHP Notice:  Undefined variable: arrayOfData in C:\xampp\htdocs\php-pagination\index.php on line 44
[20-Jun-2017 09:29:12 America/Sao_Paulo] PHP Notice:  Undefined variable: arrayOfData in C:\xampp\htdocs\php-pagination\index.php on line 50
[20-Jun-2017 09:29:13 America/Sao_Paulo] PHP Notice:  Undefined variable: arrayOfData in C:\xampp\htdocs\php-pagination\index.php on line 42
[20-Jun-2017 09:29:32 America/Sao_Paulo] PHP Notice:  Undefined variable: arrayOfData in C:\xampp\htdocs\php-pagination\index.php on line 50
[20-Jun-2017 09:29:32 America/Sao_Paulo] PHP Notice:  Undefined variable: arrayOfData in C:\xampp\htdocs\php-pagination\index.php on line 42
[20-Jun-2017 13:16:38 America/Sao_Paulo] PHP Fatal error:  Declaration of Pagination\StrategyPHPBB::__construct(int $totalIndexes, int $totalIndexesExtras) must be compatible with Pagination\StrategyPaginationInterface::__construct(int $totalIndexes) in C:\xampp\htdocs\php-pagination\src\StrategyPHPBB.php on line 5
[20-Jun-2017 13:17:40 America/Sao_Paulo] PHP Fatal error:  Declaration of Pagination\StrategySimple::__construct(int $totalIndexes) must be compatible with Pagination\StrategyPaginationInterface::__construct(int $totalIndexes, $extras) in C:\xampp\htdocs\php-pagination\src\StrategySimple.php on line 5
[20-Jun-2017 13:18:00 America/Sao_Paulo] PHP Fatal error:  Declaration of Pagination\StrategySimple::__construct(int $totalIndexes) must be compatible with Pagination\StrategyPaginationInterface::__construct(int $totalIndexes, $extras = 0) in C:\xampp\htdocs\php-pagination\src\StrategySimple.php on line 5
[20-Jun-2017 13:18:02 America/Sao_Paulo] PHP Fatal error:  Declaration of Pagination\StrategySimple::__construct(int $totalIndexes) must be compatible with Pagination\StrategyPaginationInterface::__construct(int $totalIndexes, $extras = 0) in C:\xampp\htdocs\php-pagination\src\StrategySimple.php on line 5
[20-Jun-2017 13:37:05 America/Sao_Paulo] PHP Warning:  require(vendor/autoload.php): failed to open stream: No such file or directory in C:\xampp\htdocs\php-pagination\examples\simple.php on line 2
[20-Jun-2017 13:37:05 America/Sao_Paulo] PHP Fatal error:  require(): Failed opening required 'vendor/autoload.php' (include_path='.;C:\php\pear') in C:\xampp\htdocs\php-pagination\examples\simple.php on line 2
[20-Jun-2017 13:46:39 America/Sao_Paulo] PHP Parse error:  syntax error, unexpected 'echo' (T_ECHO) in C:\xampp\htdocs\php-pagination\examples\simple.php on line 46
[21-Jun-2017 13:23:51 America/Sao_Paulo] PHP Notice:  Array to string conversion in C:\xampp\htdocs\php-pagination\examples\phpbb.php on line 85
[21-Jun-2017 13:23:51 America/Sao_Paulo] PHP Notice:  Array to string conversion in C:\xampp\htdocs\php-pagination\examples\phpbb.php on line 86
[21-Jun-2017 13:23:51 America/Sao_Paulo] PHP Notice:  Array to string conversion in C:\xampp\htdocs\php-pagination\examples\phpbb.php on line 85
[21-Jun-2017 13:23:51 America/Sao_Paulo] PHP Notice:  Array to string conversion in C:\xampp\htdocs\php-pagination\examples\phpbb.php on line 86
[21-Jun-2017 13:23:51 America/Sao_Paulo] PHP Notice:  Array to string conversion in C:\xampp\htdocs\php-pagination\examples\phpbb.php on line 85
[21-Jun-2017 13:23:51 America/Sao_Paulo] PHP Notice:  Array to string conversion in C:\xampp\htdocs\php-pagination\examples\phpbb.php on line 86
[21-Jun-2017 13:27:48 America/Sao_Paulo] PHP Notice:  Array to string conversion in C:\xampp\htdocs\php-pagination\examples\phpbb.php on line 86
[21-Jun-2017 13:27:48 America/Sao_Paulo] PHP Notice:  Array to string conversion in C:\xampp\htdocs\php-pagination\examples\phpbb.php on line 87
[21-Jun-2017 13:27:48 America/Sao_Paulo] PHP Notice:  Array to string conversion in C:\xampp\htdocs\php-pagination\examples\phpbb.php on line 86
[21-Jun-2017 13:27:48 America/Sao_Paulo] PHP Notice:  Array to string conversion in C:\xampp\htdocs\php-pagination\examples\phpbb.php on line 87
[21-Jun-2017 13:27:48 America/Sao_Paulo] PHP Notice:  Array to string conversion in C:\xampp\htdocs\php-pagination\examples\phpbb.php on line 86
[21-Jun-2017 13:27:48 America/Sao_Paulo] PHP Notice:  Array to string conversion in C:\xampp\htdocs\php-pagination\examples\phpbb.php on line 87
[21-Jun-2017 13:31:23 America/Sao_Paulo] PHP Notice:  Undefined property: ArrayIterator::$indexes in C:\xampp\htdocs\php-pagination\examples\phpbb.php on line 15
[21-Jun-2017 13:31:23 America/Sao_Paulo] PHP Fatal error:  Uncaught Error: Call to a member function valid() on null in C:\xampp\htdocs\php-pagination\examples\phpbb.php:84
Stack trace:
#0 {main}
  thrown in C:\xampp\htdocs\php-pagination\examples\phpbb.php on line 84
[21-Jun-2017 13:31:39 America/Sao_Paulo] PHP Notice:  Array to string conversion in C:\xampp\htdocs\php-pagination\examples\phpbb.php on line 86
[21-Jun-2017 13:31:39 America/Sao_Paulo] PHP Notice:  Array to string conversion in C:\xampp\htdocs\php-pagination\examples\phpbb.php on line 87
[21-Jun-2017 13:31:39 America/Sao_Paulo] PHP Notice:  Array to string conversion in C:\xampp\htdocs\php-pagination\examples\phpbb.php on line 86
[21-Jun-2017 13:31:39 America/Sao_Paulo] PHP Notice:  Array to string conversion in C:\xampp\htdocs\php-pagination\examples\phpbb.php on line 87
[21-Jun-2017 13:31:39 America/Sao_Paulo] PHP Notice:  Array to string conversion in C:\xampp\htdocs\php-pagination\examples\phpbb.php on line 86
[21-Jun-2017 13:31:39 America/Sao_Paulo] PHP Notice:  Array to string conversion in C:\xampp\htdocs\php-pagination\examples\phpbb.php on line 87
[21-Jun-2017 13:33:14 America/Sao_Paulo] PHP Notice:  Array to string conversion in C:\xampp\htdocs\php-pagination\examples\phpbb.php on line 86
[21-Jun-2017 13:33:14 America/Sao_Paulo] PHP Notice:  Array to string conversion in C:\xampp\htdocs\php-pagination\examples\phpbb.php on line 87
[21-Jun-2017 13:33:14 America/Sao_Paulo] PHP Notice:  Array to string conversion in C:\xampp\htdocs\php-pagination\examples\phpbb.php on line 86
[21-Jun-2017 13:33:14 America/Sao_Paulo] PHP Notice:  Array to string conversion in C:\xampp\htdocs\php-pagination\examples\phpbb.php on line 87
[21-Jun-2017 13:33:14 America/Sao_Paulo] PHP Notice:  Array to string conversion in C:\xampp\htdocs\php-pagination\examples\phpbb.php on line 86
[21-Jun-2017 13:33:14 America/Sao_Paulo] PHP Notice:  Array to string conversion in C:\xampp\htdocs\php-pagination\examples\phpbb.php on line 87
[21-Jun-2017 13:34:11 America/Sao_Paulo] PHP Fatal error:  Uncaught Error: Call to a member function getIterator() on array in C:\xampp\htdocs\php-pagination\examples\phpbb.php:16
Stack trace:
#0 {main}
  thrown in C:\xampp\htdocs\php-pagination\examples\phpbb.php on line 16
[21-Jun-2017 13:34:29 America/Sao_Paulo] PHP Notice:  Undefined property: ArrayObject::$indexes in C:\xampp\htdocs\php-pagination\examples\phpbb.php on line 16
[21-Jun-2017 13:34:29 America/Sao_Paulo] PHP Fatal error:  Uncaught Error: Call to a member function getIterator() on null in C:\xampp\htdocs\php-pagination\examples\phpbb.php:16
Stack trace:
#0 {main}
  thrown in C:\xampp\htdocs\php-pagination\examples\phpbb.php on line 16
[21-Jun-2017 13:37:16 America/Sao_Paulo] PHP Notice:  Array to string conversion in C:\xampp\htdocs\php-pagination\examples\phpbb.php on line 86
[21-Jun-2017 13:37:16 America/Sao_Paulo] PHP Notice:  Array to string conversion in C:\xampp\htdocs\php-pagination\examples\phpbb.php on line 87
[21-Jun-2017 13:37:16 America/Sao_Paulo] PHP Notice:  Array to string conversion in C:\xampp\htdocs\php-pagination\examples\phpbb.php on line 86
[21-Jun-2017 13:37:16 America/Sao_Paulo] PHP Notice:  Array to string conversion in C:\xampp\htdocs\php-pagination\examples\phpbb.php on line 87
[21-Jun-2017 13:37:16 America/Sao_Paulo] PHP Notice:  Array to string conversion in C:\xampp\htdocs\php-pagination\examples\phpbb.php on line 86
[21-Jun-2017 13:37:16 America/Sao_Paulo] PHP Notice:  Array to string conversion in C:\xampp\htdocs\php-pagination\examples\phpbb.php on line 87
[21-Jun-2017 13:42:41 America/Sao_Paulo] PHP Notice:  Array to string conversion in C:\xampp\htdocs\php-pagination\examples\phpbb.php on line 86
[21-Jun-2017 13:42:41 America/Sao_Paulo] PHP Notice:  Array to string conversion in C:\xampp\htdocs\php-pagination\examples\phpbb.php on line 87
[21-Jun-2017 13:42:41 America/Sao_Paulo] PHP Notice:  Array to string conversion in C:\xampp\htdocs\php-pagination\examples\phpbb.php on line 86
[21-Jun-2017 13:42:41 America/Sao_Paulo] PHP Notice:  Array to string conversion in C:\xampp\htdocs\php-pagination\examples\phpbb.php on line 87
[21-Jun-2017 13:42:41 America/Sao_Paulo] PHP Notice:  Array to string conversion in C:\xampp\htdocs\php-pagination\examples\phpbb.php on line 86
[21-Jun-2017 13:42:41 America/Sao_Paulo] PHP Notice:  Array to string conversion in C:\xampp\htdocs\php-pagination\examples\phpbb.php on line 87
[21-Jun-2017 13:47:32 America/Sao_Paulo] PHP Notice:  Array to string conversion in C:\xampp\htdocs\php-pagination\examples\phpbb.php on line 86
[21-Jun-2017 13:47:32 America/Sao_Paulo] PHP Notice:  Array to string conversion in C:\xampp\htdocs\php-pagination\examples\phpbb.php on line 87
[21-Jun-2017 13:47:32 America/Sao_Paulo] PHP Notice:  Array to string conversion in C:\xampp\htdocs\php-pagination\examples\phpbb.php on line 86
[21-Jun-2017 13:47:32 America/Sao_Paulo] PHP Notice:  Array to string conversion in C:\xampp\htdocs\php-pagination\examples\phpbb.php on line 87
[21-Jun-2017 13:47:32 America/Sao_Paulo] PHP Notice:  Array to string conversion in C:\xampp\htdocs\php-pagination\examples\phpbb.php on line 86
[21-Jun-2017 13:47:32 America/Sao_Paulo] PHP Notice:  Array to string conversion in C:\xampp\htdocs\php-pagination\examples\phpbb.php on line 87
[21-Jun-2017 13:48:23 America/Sao_Paulo] PHP Notice:  Array to string conversion in C:\xampp\htdocs\php-pagination\examples\phpbb.php on line 87
[21-Jun-2017 13:48:23 America/Sao_Paulo] PHP Notice:  Array to string conversion in C:\xampp\htdocs\php-pagination\examples\phpbb.php on line 88
[21-Jun-2017 13:48:23 America/Sao_Paulo] PHP Notice:  Array to string conversion in C:\xampp\htdocs\php-pagination\examples\phpbb.php on line 87
[21-Jun-2017 13:48:23 America/Sao_Paulo] PHP Notice:  Array to string conversion in C:\xampp\htdocs\php-pagination\examples\phpbb.php on line 88
[21-Jun-2017 13:48:23 America/Sao_Paulo] PHP Notice:  Array to string conversion in C:\xampp\htdocs\php-pagination\examples\phpbb.php on line 87
[21-Jun-2017 13:48:23 America/Sao_Paulo] PHP Notice:  Array to string conversion in C:\xampp\htdocs\php-pagination\examples\phpbb.php on line 88
[21-Jun-2017 13:48:50 America/Sao_Paulo] PHP Notice:  Array to string conversion in C:\xampp\htdocs\php-pagination\examples\phpbb.php on line 87
[21-Jun-2017 13:48:50 America/Sao_Paulo] PHP Notice:  Array to string conversion in C:\xampp\htdocs\php-pagination\examples\phpbb.php on line 88
[21-Jun-2017 13:48:50 America/Sao_Paulo] PHP Notice:  Array to string conversion in C:\xampp\htdocs\php-pagination\examples\phpbb.php on line 87
[21-Jun-2017 13:48:50 America/Sao_Paulo] PHP Notice:  Array to string conversion in C:\xampp\htdocs\php-pagination\examples\phpbb.php on line 88
[21-Jun-2017 13:48:50 America/Sao_Paulo] PHP Notice:  Array to string conversion in C:\xampp\htdocs\php-pagination\examples\phpbb.php on line 87
[21-Jun-2017 13:48:50 America/Sao_Paulo] PHP Notice:  Array to string conversion in C:\xampp\htdocs\php-pagination\examples\phpbb.php on line 88
[22-Jun-2017 12:59:02 America/Sao_Paulo] PHP Notice:  Undefined variable: initialIndexes in C:\xampp\htdocs\php-pagination\src\StrategyGoogle.php on line 11
[22-Jun-2017 12:59:02 America/Sao_Paulo] PHP Fatal error:  Uncaught LengthException: Indexes must be greater than zero! in C:\xampp\htdocs\php-pagination\src\StrategyGoogle.php:64
Stack trace:
#0 C:\xampp\htdocs\php-pagination\src\StrategyGoogle.php(13): Pagination\StrategyGoogle->checkIndexesValue()
#1 C:\xampp\htdocs\php-pagination\examples\google.php(14): Pagination\StrategyGoogle->__construct(16, 4)
#2 {main}
  thrown in C:\xampp\htdocs\php-pagination\src\StrategyGoogle.php on line 64
[22-Jun-2017 12:59:26 America/Sao_Paulo] PHP Notice:  Undefined property: Pagination\StrategyGoogle::$_initialIndexes in C:\xampp\htdocs\php-pagination\src\StrategyGoogle.php on line 20
[22-Jun-2017 12:59:26 America/Sao_Paulo] PHP Notice:  Undefined property: Pagination\StrategyGoogle::$_totalIndexes in C:\xampp\htdocs\php-pagination\src\StrategyGoogle.php on line 26
[22-Jun-2017 12:59:56 America/Sao_Paulo] PHP Notice:  Undefined property: Pagination\StrategyGoogle::$_totalIndexes in C:\xampp\htdocs\php-pagination\src\StrategyGoogle.php on line 26
[22-Jun-2017 13:49:46 America/Sao_Paulo] PHP Notice:  Undefined property: Pagination\StrategyGoogle::$_indexes in C:\xampp\htdocs\php-pagination\src\StrategyGoogle.php on line 16
